<?xml version="1.0" encoding="UTF-8"?>
<coverage generated="1650679664666" clover="3.2.0">
  <project timestamp="1650679664667" name="All files">
    <metrics statements="204" coveredstatements="88" conditionals="72" coveredconditionals="23" methods="40" coveredmethods="7" elements="316" coveredelements="118" complexity="0" loc="204" ncloc="204" packages="6" files="15" classes="15"/>
    <package name="src">
      <metrics statements="59" coveredstatements="23" conditionals="17" coveredconditionals="1" methods="10" coveredmethods="1"/>
      <file name="app.ts" path="/Users/jose.delgado/Desktop/cache-api/src/app.ts">
        <metrics statements="13" coveredstatements="12" conditionals="3" coveredconditionals="1" methods="1" coveredmethods="1"/>
        <line num="1" count="1" type="stmt"/>
        <line num="2" count="1" type="stmt"/>
        <line num="3" count="1" type="stmt"/>
        <line num="5" count="1" type="stmt"/>
        <line num="7" count="1" type="stmt"/>
        <line num="9" count="1" type="stmt"/>
        <line num="11" count="1" type="stmt"/>
        <line num="13" count="1" type="stmt"/>
        <line num="15" count="1" type="stmt"/>
        <line num="16" count="1" type="cond" truecount="0" falsecount="1"/>
        <line num="17" count="0" type="stmt"/>
        <line num="20" count="1" type="cond" truecount="1" falsecount="1"/>
        <line num="25" count="1" type="stmt"/>
      </file>
      <file name="routes.ts" path="/Users/jose.delgado/Desktop/cache-api/src/routes.ts">
        <metrics statements="12" coveredstatements="11" conditionals="1" coveredconditionals="0" methods="0" coveredmethods="0"/>
        <line num="1" count="1" type="stmt"/>
        <line num="2" count="1" type="stmt"/>
        <line num="4" count="1" type="stmt"/>
        <line num="6" count="1" type="stmt"/>
        <line num="9" count="1" type="stmt"/>
        <line num="10" count="1" type="stmt"/>
        <line num="11" count="1" type="stmt"/>
        <line num="12" count="1" type="stmt"/>
        <line num="13" count="1" type="stmt"/>
        <line num="16" count="1" type="cond" truecount="0" falsecount="1"/>
        <line num="17" count="0" type="stmt"/>
        <line num="20" count="1" type="stmt"/>
      </file>
      <file name="server.ts" path="/Users/jose.delgado/Desktop/cache-api/src/server.ts">
        <metrics statements="34" coveredstatements="0" conditionals="13" coveredconditionals="0" methods="9" coveredmethods="0"/>
        <line num="2" count="0" type="stmt"/>
        <line num="4" count="0" type="stmt"/>
        <line num="5" count="0" type="cond" truecount="0" falsecount="1"/>
        <line num="6" count="0" type="stmt"/>
        <line num="9" count="0" type="stmt"/>
        <line num="10" count="0" type="stmt"/>
        <line num="11" count="0" type="stmt"/>
        <line num="13" count="0" type="cond" truecount="0" falsecount="2"/>
        <line num="16" count="0" type="cond" truecount="0" falsecount="1"/>
        <line num="17" count="0" type="stmt"/>
        <line num="18" count="0" type="stmt"/>
        <line num="19" count="0" type="stmt"/>
        <line num="23" count="0" type="stmt"/>
        <line num="26" count="0" type="stmt"/>
        <line num="27" count="0" type="stmt"/>
        <line num="28" count="0" type="stmt"/>
        <line num="31" count="0" type="stmt"/>
        <line num="32" count="0" type="stmt"/>
        <line num="34" count="0" type="cond" truecount="0" falsecount="1"/>
        <line num="36" count="0" type="stmt"/>
        <line num="40" count="0" type="cond" truecount="0" falsecount="2"/>
        <line num="41" count="0" type="stmt"/>
        <line num="42" count="0" type="stmt"/>
        <line num="44" count="0" type="stmt"/>
        <line num="45" count="0" type="stmt"/>
        <line num="46" count="0" type="stmt"/>
        <line num="51" count="0" type="stmt"/>
        <line num="52" count="0" type="stmt"/>
        <line num="53" count="0" type="stmt"/>
        <line num="54" count="0" type="stmt"/>
        <line num="55" count="0" type="cond" truecount="0" falsecount="2"/>
        <line num="56" count="0" type="stmt"/>
        <line num="58" count="0" type="stmt"/>
        <line num="60" count="0" type="stmt"/>
      </file>
    </package>
    <package name="src.controllers.cache">
      <metrics statements="70" coveredstatements="38" conditionals="3" coveredconditionals="0" methods="13" coveredmethods="0"/>
      <file name="add.ts" path="/Users/jose.delgado/Desktop/cache-api/src/controllers/cache/add.ts">
        <metrics statements="10" coveredstatements="6" conditionals="0" coveredconditionals="0" methods="2" coveredmethods="0"/>
        <line num="2" count="1" type="stmt"/>
        <line num="3" count="1" type="stmt"/>
        <line num="4" count="1" type="stmt"/>
        <line num="6" count="1" type="stmt"/>
        <line num="16" count="1" type="stmt"/>
        <line num="17" count="0" type="stmt"/>
        <line num="19" count="0" type="stmt"/>
        <line num="20" count="0" type="stmt"/>
        <line num="22" count="0" type="stmt"/>
        <line num="28" count="1" type="stmt"/>
      </file>
      <file name="all.ts" path="/Users/jose.delgado/Desktop/cache-api/src/controllers/cache/all.ts">
        <metrics statements="7" coveredstatements="4" conditionals="0" coveredconditionals="0" methods="3" coveredmethods="0"/>
        <line num="2" count="1" type="stmt"/>
        <line num="3" count="1" type="stmt"/>
        <line num="5" count="1" type="stmt"/>
        <line num="6" count="0" type="stmt"/>
        <line num="7" count="0" type="stmt"/>
        <line num="8" count="0" type="stmt"/>
        <line num="11" count="1" type="stmt"/>
      </file>
      <file name="get.ts" path="/Users/jose.delgado/Desktop/cache-api/src/controllers/cache/get.ts">
        <metrics statements="10" coveredstatements="4" conditionals="1" coveredconditionals="0" methods="2" coveredmethods="0"/>
        <line num="2" count="1" type="stmt"/>
        <line num="3" count="1" type="stmt"/>
        <line num="5" count="1" type="stmt"/>
        <line num="6" count="0" type="stmt"/>
        <line num="7" count="0" type="stmt"/>
        <line num="9" count="0" type="stmt"/>
        <line num="10" count="0" type="cond" truecount="0" falsecount="1"/>
        <line num="11" count="0" type="stmt"/>
        <line num="16" count="0" type="stmt"/>
        <line num="21" count="1" type="stmt"/>
      </file>
      <file name="index.ts" path="/Users/jose.delgado/Desktop/cache-api/src/controllers/cache/index.ts">
        <metrics statements="12" coveredstatements="12" conditionals="0" coveredconditionals="0" methods="0" coveredmethods="0"/>
        <line num="1" count="1" type="stmt"/>
        <line num="2" count="1" type="stmt"/>
        <line num="3" count="1" type="stmt"/>
        <line num="4" count="1" type="stmt"/>
        <line num="5" count="1" type="stmt"/>
        <line num="6" count="1" type="stmt"/>
        <line num="9" count="1" type="stmt"/>
        <line num="10" count="1" type="stmt"/>
        <line num="11" count="1" type="stmt"/>
        <line num="12" count="1" type="stmt"/>
        <line num="13" count="1" type="stmt"/>
        <line num="14" count="1" type="stmt"/>
      </file>
      <file name="remove.ts" path="/Users/jose.delgado/Desktop/cache-api/src/controllers/cache/remove.ts">
        <metrics statements="10" coveredstatements="4" conditionals="1" coveredconditionals="0" methods="2" coveredmethods="0"/>
        <line num="2" count="1" type="stmt"/>
        <line num="3" count="1" type="stmt"/>
        <line num="5" count="1" type="stmt"/>
        <line num="6" count="0" type="stmt"/>
        <line num="8" count="0" type="stmt"/>
        <line num="9" count="0" type="cond" truecount="0" falsecount="1"/>
        <line num="10" count="0" type="stmt"/>
        <line num="15" count="0" type="stmt"/>
        <line num="16" count="0" type="stmt"/>
        <line num="19" count="1" type="stmt"/>
      </file>
      <file name="removeAll.ts" path="/Users/jose.delgado/Desktop/cache-api/src/controllers/cache/removeAll.ts">
        <metrics statements="6" coveredstatements="4" conditionals="0" coveredconditionals="0" methods="2" coveredmethods="0"/>
        <line num="2" count="1" type="stmt"/>
        <line num="3" count="1" type="stmt"/>
        <line num="5" count="1" type="stmt"/>
        <line num="6" count="0" type="stmt"/>
        <line num="7" count="0" type="stmt"/>
        <line num="10" count="1" type="stmt"/>
      </file>
      <file name="set.ts" path="/Users/jose.delgado/Desktop/cache-api/src/controllers/cache/set.ts">
        <metrics statements="15" coveredstatements="4" conditionals="1" coveredconditionals="0" methods="2" coveredmethods="0"/>
        <line num="2" count="1" type="stmt"/>
        <line num="3" count="1" type="stmt"/>
        <line num="5" count="1" type="stmt"/>
        <line num="6" count="0" type="stmt"/>
        <line num="7" count="0" type="stmt"/>
        <line num="9" count="0" type="stmt"/>
        <line num="10" count="0" type="cond" truecount="0" falsecount="1"/>
        <line num="12" count="0" type="stmt"/>
        <line num="13" count="0" type="stmt"/>
        <line num="14" count="0" type="stmt"/>
        <line num="15" count="0" type="stmt"/>
        <line num="17" count="0" type="stmt"/>
        <line num="22" count="0" type="stmt"/>
        <line num="23" count="0" type="stmt"/>
        <line num="28" count="1" type="stmt"/>
      </file>
    </package>
    <package name="src.errors">
      <metrics statements="11" coveredstatements="11" conditionals="4" coveredconditionals="3" methods="2" coveredmethods="2"/>
      <file name="application-error.ts" path="/Users/jose.delgado/Desktop/cache-api/src/errors/application-error.ts">
        <metrics statements="8" coveredstatements="8" conditionals="2" coveredconditionals="2" methods="1" coveredmethods="1"/>
        <line num="1" count="2" type="stmt"/>
        <line num="2" count="5" type="stmt"/>
        <line num="4" count="5" type="stmt"/>
        <line num="7" count="5" type="stmt"/>
        <line num="8" count="5" type="cond" truecount="1" falsecount="0"/>
        <line num="9" count="4" type="stmt"/>
        <line num="11" count="5" type="cond" truecount="1" falsecount="0"/>
        <line num="12" count="2" type="stmt"/>
      </file>
      <file name="bad-request.ts" path="/Users/jose.delgado/Desktop/cache-api/src/errors/bad-request.ts">
        <metrics statements="3" coveredstatements="3" conditionals="2" coveredconditionals="1" methods="1" coveredmethods="1"/>
        <line num="2" count="1" type="stmt"/>
        <line num="4" count="1" type="stmt"/>
        <line num="6" count="1" type="cond" truecount="1" falsecount="1"/>
      </file>
    </package>
    <package name="src.lib">
      <metrics statements="42" coveredstatements="0" conditionals="21" coveredconditionals="0" methods="11" coveredmethods="0"/>
      <file name="safe-mongoose-connection.ts" path="/Users/jose.delgado/Desktop/cache-api/src/lib/safe-mongoose-connection.ts">
        <metrics statements="42" coveredstatements="0" conditionals="21" coveredconditionals="0" methods="11" coveredmethods="0"/>
        <line num="1" count="0" type="stmt"/>
        <line num="18" count="0" type="stmt"/>
        <line num="24" count="0" type="stmt"/>
        <line num="29" count="0" type="stmt"/>
        <line num="31" count="0" type="stmt"/>
        <line num="33" count="0" type="stmt"/>
        <line num="35" count="0" type="stmt"/>
        <line num="40" count="0" type="stmt"/>
        <line num="41" count="0" type="stmt"/>
        <line num="42" count="0" type="stmt"/>
        <line num="43" count="0" type="stmt"/>
        <line num="44" count="0" type="stmt"/>
        <line num="46" count="0" type="cond" truecount="0" falsecount="1"/>
        <line num="47" count="0" type="stmt"/>
        <line num="49" count="0" type="cond" truecount="0" falsecount="1"/>
        <line num="50" count="0" type="stmt"/>
        <line num="55" count="0" type="cond" truecount="0" falsecount="1"/>
        <line num="56" count="0" type="stmt"/>
        <line num="58" count="0" type="stmt"/>
        <line num="59" count="0" type="stmt"/>
        <line num="63" count="0" type="stmt"/>
        <line num="64" count="0" type="stmt"/>
        <line num="67" count="0" type="stmt"/>
        <line num="68" count="0" type="cond" truecount="0" falsecount="1"/>
        <line num="69" count="0" type="stmt"/>
        <line num="71" count="0" type="stmt"/>
        <line num="74" count="0" type="stmt"/>
        <line num="75" count="0" type="stmt"/>
        <line num="76" count="0" type="cond" truecount="0" falsecount="4"/>
        <line num="79" count="0" type="stmt"/>
        <line num="80" count="0" type="cond" truecount="0" falsecount="4"/>
        <line num="83" count="0" type="stmt"/>
        <line num="84" count="0" type="cond" truecount="0" falsecount="1"/>
        <line num="85" count="0" type="stmt"/>
        <line num="86" count="0" type="stmt"/>
        <line num="90" count="0" type="stmt"/>
        <line num="91" count="0" type="cond" truecount="0" falsecount="3"/>
        <line num="92" count="0" type="stmt"/>
        <line num="93" count="0" type="stmt"/>
        <line num="94" count="0" type="cond" truecount="0" falsecount="2"/>
        <line num="96" count="0" type="cond" truecount="0" falsecount="1"/>
        <line num="97" count="0" type="stmt"/>
      </file>
    </package>
    <package name="src.middleware">
      <metrics statements="18" coveredstatements="12" conditionals="27" coveredconditionals="19" methods="4" coveredmethods="4"/>
      <file name="request-middleware.ts" path="/Users/jose.delgado/Desktop/cache-api/src/middleware/request-middleware.ts">
        <metrics statements="18" coveredstatements="12" conditionals="27" coveredconditionals="19" methods="4" coveredmethods="4"/>
        <line num="5" count="1" type="stmt"/>
        <line num="7" count="1" type="stmt"/>
        <line num="8" count="1" type="cond" truecount="1" falsecount="2"/>
        <line num="9" count="0" type="stmt"/>
        <line num="11" count="1" type="cond" truecount="4" falsecount="1"/>
        <line num="21" count="1" type="stmt"/>
        <line num="24" count="6" type="stmt"/>
        <line num="25" count="1" type="cond" truecount="7" falsecount="2"/>
        <line num="26" count="1" type="cond" truecount="6" falsecount="2"/>
        <line num="27" count="1" type="cond" truecount="1" falsecount="0"/>
        <line num="28" count="1" type="stmt"/>
        <line num="29" count="1" type="stmt"/>
        <line num="33" count="0" type="stmt"/>
        <line num="34" count="0" type="stmt"/>
        <line num="36" count="0" type="cond" truecount="0" falsecount="1"/>
        <line num="37" count="0" type="stmt"/>
        <line num="39" count="0" type="stmt"/>
        <line num="43" count="1" type="stmt"/>
      </file>
    </package>
    <package name="src.models">
      <metrics statements="4" coveredstatements="4" conditionals="0" coveredconditionals="0" methods="0" coveredmethods="0"/>
      <file name="Cache.ts" path="/Users/jose.delgado/Desktop/cache-api/src/models/Cache.ts">
        <metrics statements="4" coveredstatements="4" conditionals="0" coveredconditionals="0" methods="0" coveredmethods="0"/>
        <line num="1" count="1" type="stmt"/>
        <line num="14" count="1" type="stmt"/>
        <line num="19" count="1" type="stmt"/>
        <line num="21" count="1" type="stmt"/>
      </file>
    </package>
  </project>
</coverage>
