{"/Users/jose.delgado/Desktop/cache-api/src/app.ts": {"path":"/Users/jose.delgado/Desktop/cache-api/src/app.ts","statementMap":{"0":{"start":{"line":1,"column":0},"end":{"line":1,"column":67}},"1":{"start":{"line":2,"column":0},"end":{"line":2,"column":24}},"2":{"start":{"line":3,"column":0},"end":{"line":3,"column":30}},"3":{"start":{"line":5,"column":12},"end":{"line":5,"column":21}},"4":{"start":{"line":7,"column":0},"end":{"line":7,"column":24}},"5":{"start":{"line":9,"column":0},"end":{"line":9,"column":48}},"6":{"start":{"line":11,"column":0},"end":{"line":11,"column":81}},"7":{"start":{"line":13,"column":0},"end":{"line":13,"column":16}},"8":{"start":{"line":15,"column":0},"end":{"line":23,"column":3}},"9":{"start":{"line":16,"column":2},"end":{"line":18,"column":null}},"10":{"start":{"line":17,"column":4},"end":{"line":17,"column":21}},"11":{"start":{"line":20,"column":2},"end":{"line":22,"column":5}},"12":{"start":{"line":25,"column":0},"end":{"line":25,"column":19}}},"fnMap":{"0":{"name":"(anonymous_1)","decl":{"start":{"line":15,"column":8},"end":{"line":15,"column":9}},"loc":{"start":{"line":15,"column":70},"end":{"line":23,"column":1}}}},"branchMap":{"0":{"loc":{"start":{"line":16,"column":2},"end":{"line":18,"column":null}},"type":"if","locations":[{"start":{"line":16,"column":2},"end":{"line":18,"column":null}}]},"1":{"loc":{"start":{"line":20,"column":20},"end":{"line":20,"column":37}},"type":"binary-expr","locations":[{"start":{"line":20,"column":20},"end":{"line":20,"column":30}},{"start":{"line":20,"column":34},"end":{"line":20,"column":37}}]}},"s":{"0":1,"1":1,"2":1,"3":1,"4":1,"5":1,"6":1,"7":1,"8":1,"9":1,"10":0,"11":1,"12":1},"f":{"0":1},"b":{"0":[0],"1":[1,0]}}
,"/Users/jose.delgado/Desktop/cache-api/src/routes.ts": {"path":"/Users/jose.delgado/Desktop/cache-api/src/routes.ts","statementMap":{"0":{"start":{"line":1,"column":0},"end":{"line":1,"column":33}},"1":{"start":{"line":2,"column":0},"end":{"line":2,"column":43}},"2":{"start":{"line":4,"column":0},"end":{"line":4,"column":55}},"3":{"start":{"line":6,"column":15},"end":{"line":6,"column":23}},"4":{"start":{"line":9,"column":0},"end":{"line":9,"column":47}},"5":{"start":{"line":10,"column":0},"end":{"line":10,"column":46}},"6":{"start":{"line":11,"column":0},"end":{"line":11,"column":56}},"7":{"start":{"line":12,"column":0},"end":{"line":12,"column":56}},"8":{"start":{"line":13,"column":0},"end":{"line":13,"column":65}},"9":{"start":{"line":16,"column":0},"end":{"line":18,"column":null}},"10":{"start":{"line":17,"column":2},"end":{"line":17,"column":47}},"11":{"start":{"line":20,"column":0},"end":{"line":20,"column":22}}},"fnMap":{},"branchMap":{"0":{"loc":{"start":{"line":16,"column":0},"end":{"line":18,"column":null}},"type":"if","locations":[{"start":{"line":16,"column":0},"end":{"line":18,"column":null}}]}},"s":{"0":1,"1":1,"2":1,"3":1,"4":1,"5":1,"6":1,"7":1,"8":1,"9":1,"10":0,"11":1},"f":{},"b":{"0":[0]}}
,"/Users/jose.delgado/Desktop/cache-api/src/server.ts": {"path":"/Users/jose.delgado/Desktop/cache-api/src/server.ts","statementMap":{"0":{"start":{"line":2,"column":0},"end":{"line":2,"column":28}},"1":{"start":{"line":4,"column":15},"end":{"line":4,"column":30}},"2":{"start":{"line":5,"column":0},"end":{"line":7,"column":null}},"3":{"start":{"line":6,"column":2},"end":{"line":6,"column":42}},"4":{"start":{"line":9,"column":0},"end":{"line":9,"column":24}},"5":{"start":{"line":10,"column":0},"end":{"line":10,"column":24}},"6":{"start":{"line":11,"column":0},"end":{"line":11,"column":68}},"7":{"start":{"line":13,"column":13},"end":{"line":13,"column":37}},"8":{"start":{"line":16,"column":0},"end":{"line":21,"column":null}},"9":{"start":{"line":17,"column":2},"end":{"line":20,"column":4}},"10":{"start":{"line":18,"column":20},"end":{"line":18,"column":104}},"11":{"start":{"line":19,"column":4},"end":{"line":19,"column":25}},"12":{"start":{"line":23,"column":31},"end":{"line":29,"column":2}},"13":{"start":{"line":26,"column":33},"end":{"line":26,"column":84}},"14":{"start":{"line":27,"column":44},"end":{"line":27,"column":65}},"15":{"start":{"line":28,"column":33},"end":{"line":28,"column":82}},"16":{"start":{"line":31,"column":14},"end":{"line":38,"column":2}},"17":{"start":{"line":31,"column":20},"end":{"line":38,"column":2}},"18":{"start":{"line":32,"column":2},"end":{"line":32,"column":68}},"19":{"start":{"line":34,"column":2},"end":{"line":37,"column":null}},"20":{"start":{"line":36,"column":4},"end":{"line":36,"column":78}},"21":{"start":{"line":40,"column":0},"end":{"line":48,"column":null}},"22":{"start":{"line":41,"column":4},"end":{"line":41,"column":111}},"23":{"start":{"line":42,"column":2},"end":{"line":42,"column":18}},"24":{"start":{"line":44,"column":2},"end":{"line":47,"column":5}},"25":{"start":{"line":45,"column":4},"end":{"line":45,"column":55}},"26":{"start":{"line":46,"column":4},"end":{"line":46,"column":12}},"27":{"start":{"line":51,"column":0},"end":{"line":62,"column":3}},"28":{"start":{"line":52,"column":2},"end":{"line":52,"column":20}},"29":{"start":{"line":53,"column":2},"end":{"line":53,"column":48}},"30":{"start":{"line":54,"column":2},"end":{"line":61,"column":11}},"31":{"start":{"line":55,"column":4},"end":{"line":59,"column":null}},"32":{"start":{"line":56,"column":6},"end":{"line":56,"column":74}},"33":{"start":{"line":58,"column":6},"end":{"line":58,"column":58}},"34":{"start":{"line":60,"column":4},"end":{"line":60,"column":20}}},"fnMap":{"0":{"name":"(anonymous_1)","decl":{"start":{"line":17,"column":18},"end":{"line":17,"column":19}},"loc":{"start":{"line":17,"column":92},"end":{"line":20,"column":3}}},"1":{"name":"(anonymous_2)","decl":{"start":{"line":26,"column":21},"end":{"line":26,"column":29}},"loc":{"start":{"line":26,"column":33},"end":{"line":26,"column":84}}},"2":{"name":"(anonymous_3)","decl":{"start":{"line":27,"column":21},"end":{"line":27,"column":22}},"loc":{"start":{"line":27,"column":44},"end":{"line":27,"column":65}}},"3":{"name":"(anonymous_4)","decl":{"start":{"line":28,"column":21},"end":{"line":28,"column":29}},"loc":{"start":{"line":28,"column":33},"end":{"line":28,"column":82}}},"4":{"name":"(anonymous_5)","decl":{"start":{"line":31,"column":14},"end":{"line":31,"column":17}},"loc":{"start":{"line":31,"column":20},"end":{"line":38,"column":2}}},"5":{"name":"(anonymous_6)","decl":{"start":{"line":31,"column":37},"end":{"line":31,"column":40}},"loc":{"start":{"line":31,"column":42},"end":{"line":38,"column":1}}},"6":{"name":"(anonymous_7)","decl":{"start":{"line":44,"column":33},"end":{"line":44,"column":41}},"loc":{"start":{"line":44,"column":44},"end":{"line":47,"column":3}}},"7":{"name":"(anonymous_8)","decl":{"start":{"line":51,"column":21},"end":{"line":51,"column":24}},"loc":{"start":{"line":51,"column":26},"end":{"line":62,"column":1}}},"8":{"name":"(anonymous_9)","decl":{"start":{"line":54,"column":31},"end":{"line":54,"column":34}},"loc":{"start":{"line":54,"column":37},"end":{"line":61,"column":3}}}},"branchMap":{"0":{"loc":{"start":{"line":5,"column":0},"end":{"line":7,"column":null}},"type":"if","locations":[{"start":{"line":5,"column":0},"end":{"line":7,"column":null}}]},"1":{"loc":{"start":{"line":13,"column":13},"end":{"line":13,"column":37}},"type":"binary-expr","locations":[{"start":{"line":13,"column":13},"end":{"line":13,"column":29}},{"start":{"line":13,"column":33},"end":{"line":13,"column":37}}]},"2":{"loc":{"start":{"line":16,"column":0},"end":{"line":21,"column":null}},"type":"if","locations":[{"start":{"line":16,"column":0},"end":{"line":21,"column":null}}]},"3":{"loc":{"start":{"line":24,"column":12},"end":{"line":24,"column":39}},"type":"cond-expr","locations":[{"start":{"line":24,"column":33},"end":{"line":24,"column":37}},{"start":{"line":24,"column":37},"end":{"line":24,"column":39}}]},"4":{"loc":{"start":{"line":24,"column":12},"end":{"line":24,"column":37}},"type":"binary-expr","locations":[{"start":{"line":24,"column":12},"end":{"line":24,"column":37}},{"start":{"line":24,"column":33},"end":{"line":24,"column":37}}]},"5":{"loc":{"start":{"line":34,"column":2},"end":{"line":37,"column":null}},"type":"if","locations":[{"start":{"line":34,"column":2},"end":{"line":37,"column":null}}]},"6":{"loc":{"start":{"line":40,"column":0},"end":{"line":48,"column":null}},"type":"if","locations":[{"start":{"line":40,"column":0},"end":{"line":48,"column":null}},{"start":{"line":43,"column":7},"end":{"line":48,"column":null}}]},"7":{"loc":{"start":{"line":55,"column":4},"end":{"line":59,"column":null}},"type":"if","locations":[{"start":{"line":55,"column":4},"end":{"line":59,"column":null}},{"start":{"line":57,"column":11},"end":{"line":59,"column":null}}]}},"s":{"0":0,"1":0,"2":0,"3":0,"4":0,"5":0,"6":0,"7":0,"8":0,"9":0,"10":0,"11":0,"12":0,"13":0,"14":0,"15":0,"16":0,"17":0,"18":0,"19":0,"20":0,"21":0,"22":0,"23":0,"24":0,"25":0,"26":0,"27":0,"28":0,"29":0,"30":0,"31":0,"32":0,"33":0,"34":0},"f":{"0":0,"1":0,"2":0,"3":0,"4":0,"5":0,"6":0,"7":0,"8":0},"b":{"0":[0],"1":[0,0],"2":[0],"3":[0,0],"4":[0,0],"5":[0],"6":[0,0],"7":[0,0]}}
,"/Users/jose.delgado/Desktop/cache-api/src/controllers/cache/add.ts": {"path":"/Users/jose.delgado/Desktop/cache-api/src/controllers/cache/add.ts","statementMap":{"0":{"start":{"line":2,"column":0},"end":{"line":2,"column":22}},"1":{"start":{"line":3,"column":0},"end":{"line":3,"column":39}},"2":{"start":{"line":4,"column":0},"end":{"line":4,"column":68}},"3":{"start":{"line":6,"column":13},"end":{"line":9,"column":3}},"4":{"start":{"line":16,"column":28},"end":{"line":26,"column":2}},"5":{"start":{"line":16,"column":76},"end":{"line":26,"column":2}},"6":{"start":{"line":17,"column":25},"end":{"line":17,"column":33}},"7":{"start":{"line":19,"column":16},"end":{"line":19,"column":41}},"8":{"start":{"line":20,"column":2},"end":{"line":20,"column":21}},"9":{"start":{"line":22,"column":2},"end":{"line":25,"column":5}},"10":{"start":{"line":28,"column":0},"end":{"line":28,"column":79}}},"fnMap":{"0":{"name":"(anonymous_8)","decl":{"start":{"line":16,"column":28},"end":{"line":16,"column":35}},"loc":{"start":{"line":16,"column":76},"end":{"line":26,"column":2}}},"1":{"name":"(anonymous_9)","decl":{"start":{"line":16,"column":76},"end":{"line":16,"column":null}},"loc":{"start":{"line":16,"column":76},"end":{"line":26,"column":1}}}},"branchMap":{},"s":{"0":1,"1":1,"2":1,"3":1,"4":1,"5":0,"6":0,"7":0,"8":0,"9":0,"10":1},"f":{"0":0,"1":0},"b":{}}
,"/Users/jose.delgado/Desktop/cache-api/src/controllers/cache/all.ts": {"path":"/Users/jose.delgado/Desktop/cache-api/src/controllers/cache/all.ts","statementMap":{"0":{"start":{"line":2,"column":0},"end":{"line":2,"column":39}},"1":{"start":{"line":3,"column":0},"end":{"line":3,"column":68}},"2":{"start":{"line":5,"column":28},"end":{"line":9,"column":2}},"3":{"start":{"line":5,"column":47},"end":{"line":9,"column":2}},"4":{"start":{"line":6,"column":17},"end":{"line":6,"column":35}},"5":{"start":{"line":7,"column":13},"end":{"line":7,"column":43}},"6":{"start":{"line":7,"column":33},"end":{"line":7,"column":42}},"7":{"start":{"line":8,"column":2},"end":{"line":8,"column":21}},"8":{"start":{"line":11,"column":0},"end":{"line":11,"column":38}}},"fnMap":{"0":{"name":"(anonymous_8)","decl":{"start":{"line":5,"column":28},"end":{"line":5,"column":35}},"loc":{"start":{"line":5,"column":47},"end":{"line":9,"column":2}}},"1":{"name":"(anonymous_9)","decl":{"start":{"line":5,"column":47},"end":{"line":5,"column":null}},"loc":{"start":{"line":5,"column":47},"end":{"line":9,"column":1}}},"2":{"name":"(anonymous_10)","decl":{"start":{"line":7,"column":24},"end":{"line":7,"column":29}},"loc":{"start":{"line":7,"column":33},"end":{"line":7,"column":42}}}},"branchMap":{},"s":{"0":1,"1":1,"2":1,"3":0,"4":0,"5":0,"6":0,"7":0,"8":1},"f":{"0":0,"1":0,"2":0},"b":{}}
,"/Users/jose.delgado/Desktop/cache-api/src/controllers/cache/get.ts": {"path":"/Users/jose.delgado/Desktop/cache-api/src/controllers/cache/get.ts","statementMap":{"0":{"start":{"line":2,"column":0},"end":{"line":2,"column":68}},"1":{"start":{"line":3,"column":0},"end":{"line":3,"column":39}},"2":{"start":{"line":5,"column":28},"end":{"line":19,"column":2}},"3":{"start":{"line":5,"column":56},"end":{"line":19,"column":2}},"4":{"start":{"line":6,"column":23},"end":{"line":6,"column":33}},"5":{"start":{"line":7,"column":2},"end":{"line":7,"column":43}},"6":{"start":{"line":9,"column":16},"end":{"line":9,"column":52}},"7":{"start":{"line":10,"column":2},"end":{"line":14,"column":null}},"8":{"start":{"line":11,"column":4},"end":{"line":13,"column":7}},"9":{"start":{"line":16,"column":2},"end":{"line":18,"column":5}},"10":{"start":{"line":21,"column":0},"end":{"line":21,"column":38}}},"fnMap":{"0":{"name":"(anonymous_8)","decl":{"start":{"line":5,"column":28},"end":{"line":5,"column":35}},"loc":{"start":{"line":5,"column":56},"end":{"line":19,"column":2}}},"1":{"name":"(anonymous_9)","decl":{"start":{"line":5,"column":56},"end":{"line":5,"column":null}},"loc":{"start":{"line":5,"column":56},"end":{"line":19,"column":1}}}},"branchMap":{"0":{"loc":{"start":{"line":10,"column":2},"end":{"line":14,"column":null}},"type":"if","locations":[{"start":{"line":10,"column":2},"end":{"line":14,"column":null}}]}},"s":{"0":1,"1":1,"2":1,"3":0,"4":0,"5":0,"6":0,"7":0,"8":0,"9":0,"10":1},"f":{"0":0,"1":0},"b":{"0":[0]}}
,"/Users/jose.delgado/Desktop/cache-api/src/controllers/cache/index.ts": {"path":"/Users/jose.delgado/Desktop/cache-api/src/controllers/cache/index.ts","statementMap":{"0":{"start":{"line":1,"column":0},"end":{"line":1,"column":7}},"1":{"start":{"line":9,"column":2},"end":{"line":1,"column":24}},"2":{"start":{"line":2,"column":0},"end":{"line":2,"column":7}},"3":{"start":{"line":10,"column":2},"end":{"line":2,"column":24}},"4":{"start":{"line":3,"column":0},"end":{"line":3,"column":7}},"5":{"start":{"line":11,"column":2},"end":{"line":3,"column":24}},"6":{"start":{"line":4,"column":0},"end":{"line":4,"column":7}},"7":{"start":{"line":12,"column":2},"end":{"line":4,"column":24}},"8":{"start":{"line":5,"column":0},"end":{"line":5,"column":7}},"9":{"start":{"line":13,"column":2},"end":{"line":5,"column":30}},"10":{"start":{"line":6,"column":0},"end":{"line":6,"column":7}},"11":{"start":{"line":14,"column":2},"end":{"line":6,"column":36}}},"fnMap":{},"branchMap":{},"s":{"0":1,"1":1,"2":1,"3":1,"4":1,"5":1,"6":1,"7":1,"8":1,"9":1,"10":1,"11":1},"f":{},"b":{}}
,"/Users/jose.delgado/Desktop/cache-api/src/controllers/cache/remove.ts": {"path":"/Users/jose.delgado/Desktop/cache-api/src/controllers/cache/remove.ts","statementMap":{"0":{"start":{"line":2,"column":0},"end":{"line":2,"column":68}},"1":{"start":{"line":3,"column":0},"end":{"line":3,"column":39}},"2":{"start":{"line":5,"column":31},"end":{"line":17,"column":2}},"3":{"start":{"line":5,"column":59},"end":{"line":17,"column":2}},"4":{"start":{"line":6,"column":23},"end":{"line":6,"column":33}},"5":{"start":{"line":8,"column":16},"end":{"line":8,"column":52}},"6":{"start":{"line":9,"column":2},"end":{"line":13,"column":null}},"7":{"start":{"line":10,"column":4},"end":{"line":12,"column":7}},"8":{"start":{"line":15,"column":2},"end":{"line":15,"column":23}},"9":{"start":{"line":16,"column":2},"end":{"line":16,"column":32}},"10":{"start":{"line":19,"column":0},"end":{"line":19,"column":41}}},"fnMap":{"0":{"name":"(anonymous_8)","decl":{"start":{"line":5,"column":31},"end":{"line":5,"column":38}},"loc":{"start":{"line":5,"column":59},"end":{"line":17,"column":2}}},"1":{"name":"(anonymous_9)","decl":{"start":{"line":5,"column":59},"end":{"line":5,"column":null}},"loc":{"start":{"line":5,"column":59},"end":{"line":17,"column":1}}}},"branchMap":{"0":{"loc":{"start":{"line":9,"column":2},"end":{"line":13,"column":null}},"type":"if","locations":[{"start":{"line":9,"column":2},"end":{"line":13,"column":null}}]}},"s":{"0":1,"1":1,"2":1,"3":0,"4":0,"5":0,"6":0,"7":0,"8":0,"9":0,"10":1},"f":{"0":0,"1":0},"b":{"0":[0]}}
,"/Users/jose.delgado/Desktop/cache-api/src/controllers/cache/removeAll.ts": {"path":"/Users/jose.delgado/Desktop/cache-api/src/controllers/cache/removeAll.ts","statementMap":{"0":{"start":{"line":2,"column":0},"end":{"line":2,"column":68}},"1":{"start":{"line":3,"column":0},"end":{"line":3,"column":39}},"2":{"start":{"line":5,"column":34},"end":{"line":8,"column":2}},"3":{"start":{"line":5,"column":62},"end":{"line":8,"column":2}},"4":{"start":{"line":6,"column":2},"end":{"line":6,"column":27}},"5":{"start":{"line":7,"column":2},"end":{"line":7,"column":32}},"6":{"start":{"line":10,"column":0},"end":{"line":10,"column":44}}},"fnMap":{"0":{"name":"(anonymous_8)","decl":{"start":{"line":5,"column":34},"end":{"line":5,"column":41}},"loc":{"start":{"line":5,"column":62},"end":{"line":8,"column":2}}},"1":{"name":"(anonymous_9)","decl":{"start":{"line":5,"column":62},"end":{"line":5,"column":null}},"loc":{"start":{"line":5,"column":62},"end":{"line":8,"column":1}}}},"branchMap":{},"s":{"0":1,"1":1,"2":1,"3":0,"4":0,"5":0,"6":1},"f":{"0":0,"1":0},"b":{}}
,"/Users/jose.delgado/Desktop/cache-api/src/controllers/cache/set.ts": {"path":"/Users/jose.delgado/Desktop/cache-api/src/controllers/cache/set.ts","statementMap":{"0":{"start":{"line":2,"column":0},"end":{"line":2,"column":68}},"1":{"start":{"line":3,"column":0},"end":{"line":3,"column":39}},"2":{"start":{"line":5,"column":28},"end":{"line":26,"column":2}},"3":{"start":{"line":5,"column":56},"end":{"line":26,"column":2}},"4":{"start":{"line":6,"column":23},"end":{"line":6,"column":33}},"5":{"start":{"line":7,"column":2},"end":{"line":7,"column":43}},"6":{"start":{"line":9,"column":16},"end":{"line":9,"column":52}},"7":{"start":{"line":10,"column":2},"end":{"line":20,"column":null}},"8":{"start":{"line":12,"column":4},"end":{"line":12,"column":30}},"9":{"start":{"line":13,"column":23},"end":{"line":13,"column":68}},"10":{"start":{"line":14,"column":18},"end":{"line":14,"column":54}},"11":{"start":{"line":15,"column":4},"end":{"line":15,"column":23}},"12":{"start":{"line":17,"column":4},"end":{"line":19,"column":7}},"13":{"start":{"line":22,"column":2},"end":{"line":22,"column":27}},"14":{"start":{"line":23,"column":2},"end":{"line":25,"column":5}},"15":{"start":{"line":28,"column":0},"end":{"line":28,"column":38}}},"fnMap":{"0":{"name":"(anonymous_8)","decl":{"start":{"line":5,"column":28},"end":{"line":5,"column":35}},"loc":{"start":{"line":5,"column":56},"end":{"line":26,"column":2}}},"1":{"name":"(anonymous_9)","decl":{"start":{"line":5,"column":56},"end":{"line":5,"column":null}},"loc":{"start":{"line":5,"column":56},"end":{"line":26,"column":1}}}},"branchMap":{"0":{"loc":{"start":{"line":10,"column":2},"end":{"line":20,"column":null}},"type":"if","locations":[{"start":{"line":10,"column":2},"end":{"line":20,"column":null}}]}},"s":{"0":1,"1":1,"2":1,"3":0,"4":0,"5":0,"6":0,"7":0,"8":0,"9":0,"10":0,"11":0,"12":0,"13":0,"14":0,"15":1},"f":{"0":0,"1":0},"b":{"0":[0]}}
,"/Users/jose.delgado/Desktop/cache-api/src/errors/application-error.ts": {"path":"/Users/jose.delgado/Desktop/cache-api/src/errors/application-error.ts","statementMap":{"0":{"start":{"line":7,"column":6},"end":{"line":7,"column":14}},"1":{"start":{"line":2,"column":11},"end":{"line":2,"column":48}},"2":{"start":{"line":4,"column":11},"end":{"line":4,"column":32}},"3":{"start":{"line":8,"column":6},"end":{"line":10,"column":null}},"4":{"start":{"line":9,"column":8},"end":{"line":9,"column":31}},"5":{"start":{"line":11,"column":6},"end":{"line":13,"column":null}},"6":{"start":{"line":12,"column":8},"end":{"line":12,"column":29}},"7":{"start":{"line":1,"column":0},"end":{"line":1,"column":21}}},"fnMap":{"0":{"name":"(anonymous_0)","decl":{"start":{"line":6,"column":4},"end":{"line":6,"column":16}},"loc":{"start":{"line":6,"column":49},"end":{"line":14,"column":5}}}},"branchMap":{"0":{"loc":{"start":{"line":8,"column":6},"end":{"line":10,"column":null}},"type":"if","locations":[{"start":{"line":8,"column":6},"end":{"line":10,"column":null}}]},"1":{"loc":{"start":{"line":11,"column":6},"end":{"line":13,"column":null}},"type":"if","locations":[{"start":{"line":11,"column":6},"end":{"line":13,"column":null}}]}},"s":{"0":5,"1":5,"2":5,"3":5,"4":4,"5":5,"6":2,"7":2},"f":{"0":5},"b":{"0":[4],"1":[2]}}
,"/Users/jose.delgado/Desktop/cache-api/src/errors/bad-request.ts": {"path":"/Users/jose.delgado/Desktop/cache-api/src/errors/bad-request.ts","statementMap":{"0":{"start":{"line":2,"column":0},"end":{"line":2,"column":51}},"1":{"start":{"line":6,"column":4},"end":{"line":6,"column":41}},"2":{"start":{"line":4,"column":0},"end":{"line":4,"column":21}}},"fnMap":{"0":{"name":"(anonymous_1)","decl":{"start":{"line":5,"column":2},"end":{"line":5,"column":14}},"loc":{"start":{"line":5,"column":30},"end":{"line":7,"column":3}}}},"branchMap":{"0":{"loc":{"start":{"line":6,"column":10},"end":{"line":6,"column":34}},"type":"binary-expr","locations":[{"start":{"line":6,"column":10},"end":{"line":6,"column":17}},{"start":{"line":6,"column":21},"end":{"line":6,"column":34}}]}},"s":{"0":1,"1":1,"2":1},"f":{"0":1},"b":{"0":[1,0]}}
,"/Users/jose.delgado/Desktop/cache-api/src/lib/safe-mongoose-connection.ts": {"path":"/Users/jose.delgado/Desktop/cache-api/src/lib/safe-mongoose-connection.ts","statementMap":{"0":{"start":{"line":1,"column":0},"end":{"line":1,"column":52}},"1":{"start":{"line":18,"column":57},"end":{"line":21,"column":2}},"2":{"start":{"line":29,"column":10},"end":{"line":29,"column":45}},"3":{"start":{"line":31,"column":10},"end":{"line":31,"column":49}},"4":{"start":{"line":33,"column":10},"end":{"line":33,"column":38}},"5":{"start":{"line":35,"column":19},"end":{"line":35,"column":93}},"6":{"start":{"line":67,"column":10},"end":{"line":72,"column":null}},"7":{"start":{"line":68,"column":4},"end":{"line":70,"column":null}},"8":{"start":{"line":69,"column":6},"end":{"line":69,"column":60}},"9":{"start":{"line":71,"column":4},"end":{"line":71,"column":90}},"10":{"start":{"line":74,"column":10},"end":{"line":77,"column":4}},"11":{"start":{"line":75,"column":4},"end":{"line":75,"column":34}},"12":{"start":{"line":76,"column":4},"end":{"line":76,"column":54}},"13":{"start":{"line":79,"column":10},"end":{"line":81,"column":4}},"14":{"start":{"line":80,"column":4},"end":{"line":80,"column":54}},"15":{"start":{"line":83,"column":10},"end":{"line":88,"column":4}},"16":{"start":{"line":84,"column":4},"end":{"line":87,"column":null}},"17":{"start":{"line":85,"column":20},"end":{"line":85,"column":89}},"18":{"start":{"line":86,"column":6},"end":{"line":86,"column":67}},"19":{"start":{"line":90,"column":10},"end":{"line":100,"column":4}},"20":{"start":{"line":91,"column":4},"end":{"line":99,"column":null}},"21":{"start":{"line":92,"column":6},"end":{"line":95,"column":28}},"22":{"start":{"line":93,"column":8},"end":{"line":93,"column":31}},"23":{"start":{"line":94,"column":8},"end":{"line":94,"column":71}},"24":{"start":{"line":96,"column":6},"end":{"line":98,"column":null}},"25":{"start":{"line":97,"column":8},"end":{"line":97,"column":62}},"26":{"start":{"line":40,"column":4},"end":{"line":40,"column":27}},"27":{"start":{"line":41,"column":4},"end":{"line":41,"column":50}},"28":{"start":{"line":42,"column":4},"end":{"line":42,"column":58}},"29":{"start":{"line":43,"column":4},"end":{"line":43,"column":64}},"30":{"start":{"line":44,"column":4},"end":{"line":44,"column":62}},"31":{"start":{"line":46,"column":4},"end":{"line":48,"column":null}},"32":{"start":{"line":47,"column":6},"end":{"line":47,"column":51}},"33":{"start":{"line":49,"column":4},"end":{"line":51,"column":null}},"34":{"start":{"line":50,"column":6},"end":{"line":50,"column":47}},"35":{"start":{"line":55,"column":4},"end":{"line":57,"column":null}},"36":{"start":{"line":56,"column":6},"end":{"line":56,"column":43}},"37":{"start":{"line":58,"column":4},"end":{"line":58,"column":38}},"38":{"start":{"line":59,"column":4},"end":{"line":59,"column":47}},"39":{"start":{"line":63,"column":4},"end":{"line":63,"column":51}},"40":{"start":{"line":64,"column":4},"end":{"line":64,"column":27}},"41":{"start":{"line":24,"column":0},"end":{"line":24,"column":21}}},"fnMap":{"0":{"name":"(anonymous_1)","decl":{"start":{"line":39,"column":2},"end":{"line":39,"column":14}},"loc":{"start":{"line":39,"column":52},"end":{"line":52,"column":3}}},"1":{"name":"(anonymous_2)","decl":{"start":{"line":67,"column":28},"end":{"line":67,"column":31}},"loc":{"start":{"line":67,"column":33},"end":{"line":72,"column":3}}},"2":{"name":"(anonymous_3)","decl":{"start":{"line":71,"column":79},"end":{"line":71,"column":82}},"loc":{"start":{"line":71,"column":84},"end":{"line":71,"column":88}}},"3":{"name":"(anonymous_4)","decl":{"start":{"line":74,"column":24},"end":{"line":74,"column":27}},"loc":{"start":{"line":74,"column":29},"end":{"line":77,"column":3}}},"4":{"name":"(anonymous_5)","decl":{"start":{"line":79,"column":26},"end":{"line":79,"column":29}},"loc":{"start":{"line":79,"column":31},"end":{"line":81,"column":3}}},"5":{"name":"(anonymous_6)","decl":{"start":{"line":83,"column":20},"end":{"line":83,"column":23}},"loc":{"start":{"line":83,"column":25},"end":{"line":88,"column":3}}},"6":{"name":"(anonymous_7)","decl":{"start":{"line":90,"column":27},"end":{"line":90,"column":30}},"loc":{"start":{"line":90,"column":32},"end":{"line":100,"column":3}}},"7":{"name":"(anonymous_8)","decl":{"start":{"line":92,"column":42},"end":{"line":92,"column":45}},"loc":{"start":{"line":92,"column":47},"end":{"line":95,"column":7}}},"8":{"name":"(anonymous_9)","decl":{"start":{"line":54,"column":9},"end":{"line":54,"column":14}},"loc":{"start":{"line":54,"column":79},"end":{"line":60,"column":3}}},"9":{"name":"(anonymous_10)","decl":{"start":{"line":54,"column":46},"end":{"line":54,"column":49}},"loc":{"start":{"line":54,"column":51},"end":{"line":54,"column":55}}},"10":{"name":"(anonymous_11)","decl":{"start":{"line":62,"column":9},"end":{"line":62,"column":16}},"loc":{"start":{"line":62,"column":58},"end":{"line":65,"column":3}}}},"branchMap":{"0":{"loc":{"start":{"line":68,"column":4},"end":{"line":70,"column":null}},"type":"if","locations":[{"start":{"line":68,"column":4},"end":{"line":70,"column":null}}]},"1":{"loc":{"start":{"line":76,"column":4},"end":{"line":76,"column":53}},"type":"cond-expr","locations":[{"start":{"line":76,"column":28},"end":{"line":76,"column":31}},{"start":{"line":76,"column":28},"end":{"line":76,"column":53}}]},"2":{"loc":{"start":{"line":76,"column":4},"end":{"line":76,"column":31}},"type":"binary-expr","locations":[{"start":{"line":76,"column":4},"end":{"line":76,"column":31}},{"start":{"line":76,"column":28},"end":{"line":76,"column":31}}]},"3":{"loc":{"start":{"line":80,"column":4},"end":{"line":80,"column":53}},"type":"cond-expr","locations":[{"start":{"line":80,"column":28},"end":{"line":80,"column":31}},{"start":{"line":80,"column":28},"end":{"line":80,"column":53}}]},"4":{"loc":{"start":{"line":80,"column":4},"end":{"line":80,"column":31}},"type":"binary-expr","locations":[{"start":{"line":80,"column":4},"end":{"line":80,"column":31}},{"start":{"line":80,"column":28},"end":{"line":80,"column":31}}]},"5":{"loc":{"start":{"line":84,"column":4},"end":{"line":87,"column":null}},"type":"if","locations":[{"start":{"line":84,"column":4},"end":{"line":87,"column":null}}]},"6":{"loc":{"start":{"line":91,"column":4},"end":{"line":99,"column":null}},"type":"if","locations":[{"start":{"line":91,"column":4},"end":{"line":99,"column":null}}]},"7":{"loc":{"start":{"line":91,"column":8},"end":{"line":91,"column":62}},"type":"binary-expr","locations":[{"start":{"line":91,"column":8},"end":{"line":91,"column":31}},{"start":{"line":91,"column":35},"end":{"line":91,"column":62}}]},"8":{"loc":{"start":{"line":94,"column":8},"end":{"line":94,"column":70}},"type":"binary-expr","locations":[{"start":{"line":94,"column":8},"end":{"line":94,"column":30}},{"start":{"line":94,"column":34},"end":{"line":94,"column":70}}]},"9":{"loc":{"start":{"line":96,"column":6},"end":{"line":98,"column":null}},"type":"if","locations":[{"start":{"line":96,"column":6},"end":{"line":98,"column":null}}]},"10":{"loc":{"start":{"line":46,"column":4},"end":{"line":48,"column":null}},"type":"if","locations":[{"start":{"line":46,"column":4},"end":{"line":48,"column":null}}]},"11":{"loc":{"start":{"line":49,"column":4},"end":{"line":51,"column":null}},"type":"if","locations":[{"start":{"line":49,"column":4},"end":{"line":51,"column":null}}]},"12":{"loc":{"start":{"line":54,"column":15},"end":{"line":54,"column":55}},"type":"default-arg","locations":[{"start":{"line":54,"column":46},"end":{"line":54,"column":55}}]},"13":{"loc":{"start":{"line":54,"column":57},"end":{"line":54,"column":79}},"type":"default-arg","locations":[{"start":{"line":54,"column":74},"end":{"line":54,"column":79}}]},"14":{"loc":{"start":{"line":55,"column":4},"end":{"line":57,"column":null}},"type":"if","locations":[{"start":{"line":55,"column":4},"end":{"line":57,"column":null}}]}},"s":{"0":0,"1":0,"2":0,"3":0,"4":0,"5":0,"6":0,"7":0,"8":0,"9":0,"10":0,"11":0,"12":0,"13":0,"14":0,"15":0,"16":0,"17":0,"18":0,"19":0,"20":0,"21":0,"22":0,"23":0,"24":0,"25":0,"26":0,"27":0,"28":0,"29":0,"30":0,"31":0,"32":0,"33":0,"34":0,"35":0,"36":0,"37":0,"38":0,"39":0,"40":0,"41":0},"f":{"0":0,"1":0,"2":0,"3":0,"4":0,"5":0,"6":0,"7":0,"8":0,"9":0,"10":0},"b":{"0":[0],"1":[0,0],"2":[0,0],"3":[0,0],"4":[0,0],"5":[0],"6":[0],"7":[0,0],"8":[0,0],"9":[0],"10":[0],"11":[0],"12":[0],"13":[0],"14":[0]}}
,"/Users/jose.delgado/Desktop/cache-api/src/middleware/request-middleware.ts": {"path":"/Users/jose.delgado/Desktop/cache-api/src/middleware/request-middleware.ts","statementMap":{"0":{"start":{"line":5,"column":2},"end":{"line":5,"column":49}},"1":{"start":{"line":7,"column":33},"end":{"line":13,"column":3}},"2":{"start":{"line":8,"column":4},"end":{"line":10,"column":null}},"3":{"start":{"line":9,"column":6},"end":{"line":9,"column":27}},"4":{"start":{"line":11,"column":4},"end":{"line":12,"column":95}},"5":{"start":{"line":21,"column":35},"end":{"line":41,"column":4}},"6":{"start":{"line":24,"column":23},"end":{"line":41,"column":4}},"7":{"start":{"line":24,"column":81},"end":{"line":41,"column":4}},"8":{"start":{"line":25,"column":4},"end":{"line":31,"column":null}},"9":{"start":{"line":26,"column":24},"end":{"line":26,"column":68}},"10":{"start":{"line":27,"column":6},"end":{"line":30,"column":null}},"11":{"start":{"line":28,"column":8},"end":{"line":28,"column":60}},"12":{"start":{"line":29,"column":8},"end":{"line":29,"column":15}},"13":{"start":{"line":33,"column":4},"end":{"line":40,"column":6}},"14":{"start":{"line":34,"column":6},"end":{"line":34,"column":30}},"15":{"start":{"line":36,"column":6},"end":{"line":38,"column":null}},"16":{"start":{"line":37,"column":8},"end":{"line":37,"column":48}},"17":{"start":{"line":39,"column":6},"end":{"line":39,"column":16}},"18":{"start":{"line":21,"column":15},"end":{"line":21,"column":35}},"19":{"start":{"line":43,"column":2},"end":{"line":43,"column":35}}},"fnMap":{"0":{"name":"(anonymous_8)","decl":{"start":{"line":7,"column":33},"end":{"line":7,"column":34}},"loc":{"start":{"line":7,"column":84},"end":{"line":13,"column":3}}},"1":{"name":"(anonymous_9)","decl":{"start":{"line":21,"column":35},"end":{"line":21,"column":null}},"loc":{"start":{"line":24,"column":23},"end":{"line":41,"column":4}}},"2":{"name":"(anonymous_10)","decl":{"start":{"line":24,"column":23},"end":{"line":24,"column":30}},"loc":{"start":{"line":24,"column":81},"end":{"line":41,"column":4}}},"3":{"name":"(anonymous_11)","decl":{"start":{"line":24,"column":81},"end":{"line":24,"column":null}},"loc":{"start":{"line":24,"column":81},"end":{"line":41,"column":3}}}},"branchMap":{"0":{"loc":{"start":{"line":8,"column":4},"end":{"line":10,"column":null}},"type":"if","locations":[{"start":{"line":8,"column":4},"end":{"line":10,"column":null}}]},"1":{"loc":{"start":{"line":8,"column":8},"end":{"line":8,"column":39}},"type":"binary-expr","locations":[{"start":{"line":8,"column":8},"end":{"line":8,"column":22}},{"start":{"line":8,"column":26},"end":{"line":8,"column":39}}]},"2":{"loc":{"start":{"line":11,"column":11},"end":{"line":12,"column":94}},"type":"cond-expr","locations":[{"start":{"line":12,"column":8},"end":{"line":12,"column":82}},{"start":{"line":12,"column":85},"end":{"line":12,"column":94}}]},"3":{"loc":{"start":{"line":11,"column":11},"end":{"line":11,"column":80}},"type":"binary-expr","locations":[{"start":{"line":11,"column":11},"end":{"line":11,"column":24}},{"start":{"line":11,"column":28},"end":{"line":11,"column":52}},{"start":{"line":11,"column":56},"end":{"line":11,"column":80}}]},"4":{"loc":{"start":{"line":25,"column":4},"end":{"line":31,"column":null}},"type":"if","locations":[{"start":{"line":25,"column":4},"end":{"line":31,"column":null}}]},"5":{"loc":{"start":{"line":25,"column":8},"end":{"line":25,"column":33}},"type":"cond-expr","locations":[{"start":{"line":25,"column":27},"end":{"line":25,"column":29}},{"start":{"line":25,"column":27},"end":{"line":25,"column":33}}]},"6":{"loc":{"start":{"line":25,"column":8},"end":{"line":25,"column":29}},"type":"binary-expr","locations":[{"start":{"line":25,"column":8},"end":{"line":25,"column":29}},{"start":{"line":25,"column":27},"end":{"line":25,"column":29}}]},"7":{"loc":{"start":{"line":25,"column":8},"end":{"line":25,"column":27}},"type":"cond-expr","locations":[{"start":{"line":25,"column":15},"end":{"line":25,"column":17}},{"start":{"line":25,"column":8},"end":{"line":25,"column":27}}]},"8":{"loc":{"start":{"line":25,"column":8},"end":{"line":25,"column":17}},"type":"binary-expr","locations":[{"start":{"line":25,"column":8},"end":{"line":25,"column":17}},{"start":{"line":25,"column":8},"end":{"line":25,"column":17}}]},"9":{"loc":{"start":{"line":26,"column":24},"end":{"line":26,"column":68}},"type":"cond-expr","locations":[{"start":{"line":26,"column":43},"end":{"line":26,"column":45}},{"start":{"line":26,"column":43},"end":{"line":26,"column":68}}]},"10":{"loc":{"start":{"line":26,"column":24},"end":{"line":26,"column":45}},"type":"binary-expr","locations":[{"start":{"line":26,"column":24},"end":{"line":26,"column":45}},{"start":{"line":26,"column":43},"end":{"line":26,"column":45}}]},"11":{"loc":{"start":{"line":26,"column":24},"end":{"line":26,"column":43}},"type":"cond-expr","locations":[{"start":{"line":26,"column":31},"end":{"line":26,"column":33}},{"start":{"line":26,"column":24},"end":{"line":26,"column":43}}]},"12":{"loc":{"start":{"line":26,"column":24},"end":{"line":26,"column":33}},"type":"binary-expr","locations":[{"start":{"line":26,"column":24},"end":{"line":26,"column":33}},{"start":{"line":26,"column":24},"end":{"line":26,"column":33}}]},"13":{"loc":{"start":{"line":27,"column":6},"end":{"line":30,"column":null}},"type":"if","locations":[{"start":{"line":27,"column":6},"end":{"line":30,"column":null}}]},"14":{"loc":{"start":{"line":36,"column":6},"end":{"line":38,"column":null}},"type":"if","locations":[{"start":{"line":36,"column":6},"end":{"line":38,"column":null}}]}},"s":{"0":1,"1":1,"2":1,"3":0,"4":1,"5":1,"6":6,"7":1,"8":1,"9":1,"10":1,"11":1,"12":1,"13":0,"14":0,"15":0,"16":0,"17":0,"18":1,"19":1},"f":{"0":1,"1":6,"2":1,"3":1},"b":{"0":[0],"1":[1,0],"2":[1,0],"3":[1,1,1],"4":[1],"5":[0,1],"6":[1,1],"7":[0,1],"8":[1,1],"9":[0,1],"10":[1,1],"11":[0,1],"12":[1,1],"13":[1],"14":[0]}}
,"/Users/jose.delgado/Desktop/cache-api/src/models/Cache.ts": {"path":"/Users/jose.delgado/Desktop/cache-api/src/models/Cache.ts","statementMap":{"0":{"start":{"line":1,"column":0},"end":{"line":1,"column":null}},"1":{"start":{"line":14,"column":17},"end":{"line":17,"column":26}},"2":{"start":{"line":19,"column":29},"end":{"line":19,"column":72}},"3":{"start":{"line":21,"column":2},"end":{"line":21,"column":23}}},"fnMap":{},"branchMap":{},"s":{"0":1,"1":1,"2":1,"3":1},"f":{},"b":{}}
}
